2025-05-16T09:26:23.072+08:00  WARN 17044 --- [springboot-mvc] [HikariPool-1 housekeeper] com.zaxxer.hikari.pool.HikariPool        : HikariPool-1 - Thread starvation or clock leap detected (housekeeper delta=13h2m49s302ms690µs200ns).
2025-05-16T09:33:29.528+08:00  INFO 17044 --- [springboot-mvc] [RMI TCP Connection(502)-127.0.0.1] inMXBeanRegistrar$SpringApplicationAdmin : Application shutdown requested.
2025-05-16T09:33:29.558+08:00  INFO 17044 --- [springboot-mvc] [RMI TCP Connection(502)-127.0.0.1] o.s.b.w.e.tomcat.GracefulShutdown        : Commencing graceful shutdown. Waiting for active requests to complete
2025-05-16T09:33:29.574+08:00  INFO 17044 --- [springboot-mvc] [tomcat-shutdown] o.s.b.w.e.tomcat.GracefulShutdown        : Graceful shutdown complete
2025-05-16T09:33:29.586+08:00  INFO 17044 --- [springboot-mvc] [RMI TCP Connection(502)-127.0.0.1] com.zaxxer.hikari.HikariDataSource       : HikariPool-1 - Shutdown initiated...
2025-05-16T09:33:29.594+08:00  INFO 17044 --- [springboot-mvc] [RMI TCP Connection(502)-127.0.0.1] com.zaxxer.hikari.HikariDataSource       : HikariPool-1 - Shutdown completed.
2025-05-16T09:33:36.307+08:00  INFO 19332 --- [springboot-mvc] [main] c.example.demo.SpringbooyMvcApplication  : Starting SpringbooyMvcApplication using Java 21.0.6 with PID 19332 (C:\Users\Zenboo 13\Downloads\Java\eclipse-workspace\springbooy-mvc\target\classes started by Zenboo 13 in C:\Users\Zenboo 13\Downloads\Java\eclipse-workspace\springbooy-mvc)
2025-05-16T09:33:36.310+08:00  INFO 19332 --- [springboot-mvc] [main] c.example.demo.SpringbooyMvcApplication  : No active profile set, falling back to 1 default profile: "default"
2025-05-16T09:33:36.926+08:00  INFO 19332 --- [springboot-mvc] [main] .s.d.r.c.RepositoryConfigurationDelegate : Bootstrapping Spring Data JDBC repositories in DEFAULT mode.
2025-05-16T09:33:36.942+08:00  INFO 19332 --- [springboot-mvc] [main] .s.d.r.c.RepositoryConfigurationDelegate : Finished Spring Data repository scanning in 12 ms. Found 0 JDBC repository interfaces.
2025-05-16T09:33:37.490+08:00  INFO 19332 --- [springboot-mvc] [main] o.s.b.w.embedded.tomcat.TomcatWebServer  : Tomcat initialized with port 8080 (http)
2025-05-16T09:33:37.511+08:00  INFO 19332 --- [springboot-mvc] [main] o.apache.catalina.core.StandardService   : Starting service [Tomcat]
2025-05-16T09:33:37.512+08:00  INFO 19332 --- [springboot-mvc] [main] o.apache.catalina.core.StandardEngine    : Starting Servlet engine: [Apache Tomcat/10.1.40]
2025-05-16T09:33:37.726+08:00  INFO 19332 --- [springboot-mvc] [main] org.apache.jasper.servlet.TldScanner     : At least one JAR was scanned for TLDs yet contained no TLDs. Enable debug logging for this logger for a complete list of JARs that were scanned but no TLDs were found in them. Skipping unneeded JARs during scanning can improve startup time and JSP compilation time.
2025-05-16T09:33:37.732+08:00  INFO 19332 --- [springboot-mvc] [main] o.a.c.c.C.[Tomcat].[localhost].[/]       : Initializing Spring embedded WebApplicationContext
2025-05-16T09:33:37.732+08:00  INFO 19332 --- [springboot-mvc] [main] w.s.c.ServletWebServerApplicationContext : Root WebApplicationContext: initialization completed in 1388 ms
2025-05-16T09:33:37.973+08:00  INFO 19332 --- [springboot-mvc] [main] o.s.b.a.w.s.WelcomePageHandlerMapping    : Adding welcome page: class path resource [static/index.html]
2025-05-16T09:33:38.404+08:00  INFO 19332 --- [springboot-mvc] [main] com.zaxxer.hikari.HikariDataSource       : HikariPool-1 - Starting...
2025-05-16T09:33:38.702+08:00  INFO 19332 --- [springboot-mvc] [main] com.zaxxer.hikari.pool.HikariPool        : HikariPool-1 - Added connection com.mysql.cj.jdbc.ConnectionImpl@ef86c72
2025-05-16T09:33:38.706+08:00  INFO 19332 --- [springboot-mvc] [main] com.zaxxer.hikari.HikariDataSource       : HikariPool-1 - Start completed.
2025-05-16T09:33:38.995+08:00  INFO 19332 --- [springboot-mvc] [main] o.s.b.w.embedded.tomcat.TomcatWebServer  : Tomcat started on port 8080 (http) with context path '/'
2025-05-16T09:33:39.005+08:00  INFO 19332 --- [springboot-mvc] [main] c.example.demo.SpringbooyMvcApplication  : Started SpringbooyMvcApplication in 3.072 seconds (process running for 7.5)
2025-05-16T09:33:45.419+08:00  INFO 19332 --- [springboot-mvc] [http-nio-8080-exec-2] o.a.c.c.C.[Tomcat].[localhost].[/]       : Initializing Spring DispatcherServlet 'dispatcherServlet'
2025-05-16T09:33:45.419+08:00  INFO 19332 --- [springboot-mvc] [http-nio-8080-exec-2] o.s.web.servlet.DispatcherServlet        : Initializing Servlet 'dispatcherServlet'
2025-05-16T09:33:45.419+08:00  INFO 19332 --- [springboot-mvc] [http-nio-8080-exec-2] o.s.web.servlet.DispatcherServlet        : Completed initialization in 0 ms
2025-05-16T10:02:49.885+08:00  INFO 19332 --- [springboot-mvc] [RMI TCP Connection(36)-127.0.0.1] inMXBeanRegistrar$SpringApplicationAdmin : Application shutdown requested.
2025-05-16T10:02:49.889+08:00  INFO 19332 --- [springboot-mvc] [RMI TCP Connection(36)-127.0.0.1] o.s.b.w.e.tomcat.GracefulShutdown        : Commencing graceful shutdown. Waiting for active requests to complete
2025-05-16T10:02:49.896+08:00  INFO 19332 --- [springboot-mvc] [tomcat-shutdown] o.s.b.w.e.tomcat.GracefulShutdown        : Graceful shutdown complete
2025-05-16T10:02:49.901+08:00  INFO 19332 --- [springboot-mvc] [RMI TCP Connection(36)-127.0.0.1] com.zaxxer.hikari.HikariDataSource       : HikariPool-1 - Shutdown initiated...
2025-05-16T10:02:49.910+08:00  INFO 19332 --- [springboot-mvc] [RMI TCP Connection(36)-127.0.0.1] com.zaxxer.hikari.HikariDataSource       : HikariPool-1 - Shutdown completed.
2025-05-16T10:02:52.760+08:00  INFO 6116 --- [springboot-mvc] [main] c.example.demo.SpringbooyMvcApplication  : Starting SpringbooyMvcApplication using Java 21.0.6 with PID 6116 (C:\Users\Zenboo 13\Downloads\Java\eclipse-workspace\springbooy-mvc\target\classes started by Zenboo 13 in C:\Users\Zenboo 13\Downloads\Java\eclipse-workspace\springbooy-mvc)
2025-05-16T10:02:52.763+08:00  INFO 6116 --- [springboot-mvc] [main] c.example.demo.SpringbooyMvcApplication  : No active profile set, falling back to 1 default profile: "default"
2025-05-16T10:02:53.520+08:00  INFO 6116 --- [springboot-mvc] [main] .s.d.r.c.RepositoryConfigurationDelegate : Bootstrapping Spring Data JDBC repositories in DEFAULT mode.
2025-05-16T10:02:53.545+08:00  INFO 6116 --- [springboot-mvc] [main] .s.d.r.c.RepositoryConfigurationDelegate : Finished Spring Data repository scanning in 18 ms. Found 0 JDBC repository interfaces.
2025-05-16T10:02:54.089+08:00  INFO 6116 --- [springboot-mvc] [main] o.s.b.w.embedded.tomcat.TomcatWebServer  : Tomcat initialized with port 8080 (http)
2025-05-16T10:02:54.104+08:00  INFO 6116 --- [springboot-mvc] [main] o.apache.catalina.core.StandardService   : Starting service [Tomcat]
2025-05-16T10:02:54.104+08:00  INFO 6116 --- [springboot-mvc] [main] o.apache.catalina.core.StandardEngine    : Starting Servlet engine: [Apache Tomcat/10.1.40]
2025-05-16T10:02:54.298+08:00  INFO 6116 --- [springboot-mvc] [main] org.apache.jasper.servlet.TldScanner     : At least one JAR was scanned for TLDs yet contained no TLDs. Enable debug logging for this logger for a complete list of JARs that were scanned but no TLDs were found in them. Skipping unneeded JARs during scanning can improve startup time and JSP compilation time.
2025-05-16T10:02:54.306+08:00  INFO 6116 --- [springboot-mvc] [main] o.a.c.c.C.[Tomcat].[localhost].[/]       : Initializing Spring embedded WebApplicationContext
2025-05-16T10:02:54.307+08:00  INFO 6116 --- [springboot-mvc] [main] w.s.c.ServletWebServerApplicationContext : Root WebApplicationContext: initialization completed in 1485 ms
2025-05-16T10:02:54.480+08:00  INFO 6116 --- [springboot-mvc] [main] o.s.b.a.w.s.WelcomePageHandlerMapping    : Adding welcome page: class path resource [static/index.html]
2025-05-16T10:02:54.741+08:00  INFO 6116 --- [springboot-mvc] [main] com.zaxxer.hikari.HikariDataSource       : HikariPool-1 - Starting...
2025-05-16T10:02:54.898+08:00  INFO 6116 --- [springboot-mvc] [main] com.zaxxer.hikari.pool.HikariPool        : HikariPool-1 - Added connection com.mysql.cj.jdbc.ConnectionImpl@781654f8
2025-05-16T10:02:54.900+08:00  INFO 6116 --- [springboot-mvc] [main] com.zaxxer.hikari.HikariDataSource       : HikariPool-1 - Start completed.
2025-05-16T10:02:55.044+08:00  INFO 6116 --- [springboot-mvc] [main] o.s.b.w.embedded.tomcat.TomcatWebServer  : Tomcat started on port 8080 (http) with context path '/'
2025-05-16T10:02:55.051+08:00  INFO 6116 --- [springboot-mvc] [main] c.example.demo.SpringbooyMvcApplication  : Started SpringbooyMvcApplication in 2.882 seconds (process running for 3.806)
2025-05-16T10:05:44.627+08:00  INFO 6116 --- [springboot-mvc] [RMI TCP Connection(12)-127.0.0.1] inMXBeanRegistrar$SpringApplicationAdmin : Application shutdown requested.
2025-05-16T10:05:44.631+08:00  INFO 6116 --- [springboot-mvc] [RMI TCP Connection(12)-127.0.0.1] o.s.b.w.e.tomcat.GracefulShutdown        : Commencing graceful shutdown. Waiting for active requests to complete
2025-05-16T10:05:44.640+08:00  INFO 6116 --- [springboot-mvc] [tomcat-shutdown] o.s.b.w.e.tomcat.GracefulShutdown        : Graceful shutdown complete
2025-05-16T10:05:44.644+08:00  INFO 6116 --- [springboot-mvc] [RMI TCP Connection(12)-127.0.0.1] com.zaxxer.hikari.HikariDataSource       : HikariPool-1 - Shutdown initiated...
2025-05-16T10:05:44.657+08:00  INFO 6116 --- [springboot-mvc] [RMI TCP Connection(12)-127.0.0.1] com.zaxxer.hikari.HikariDataSource       : HikariPool-1 - Shutdown completed.
2025-05-16T10:05:47.069+08:00  INFO 9252 --- [springboot-mvc] [main] c.example.demo.SpringbooyMvcApplication  : Starting SpringbooyMvcApplication using Java 21.0.6 with PID 9252 (C:\Users\Zenboo 13\Downloads\Java\eclipse-workspace\springbooy-mvc\target\classes started by Zenboo 13 in C:\Users\Zenboo 13\Downloads\Java\eclipse-workspace\springbooy-mvc)
2025-05-16T10:05:47.072+08:00  INFO 9252 --- [springboot-mvc] [main] c.example.demo.SpringbooyMvcApplication  : No active profile set, falling back to 1 default profile: "default"
2025-05-16T10:05:47.721+08:00  INFO 9252 --- [springboot-mvc] [main] .s.d.r.c.RepositoryConfigurationDelegate : Bootstrapping Spring Data JDBC repositories in DEFAULT mode.
2025-05-16T10:05:47.743+08:00  INFO 9252 --- [springboot-mvc] [main] .s.d.r.c.RepositoryConfigurationDelegate : Finished Spring Data repository scanning in 16 ms. Found 0 JDBC repository interfaces.
2025-05-16T10:05:48.136+08:00  INFO 9252 --- [springboot-mvc] [main] o.s.b.w.embedded.tomcat.TomcatWebServer  : Tomcat initialized with port 8080 (http)
2025-05-16T10:05:48.150+08:00  INFO 9252 --- [springboot-mvc] [main] o.apache.catalina.core.StandardService   : Starting service [Tomcat]
2025-05-16T10:05:48.150+08:00  INFO 9252 --- [springboot-mvc] [main] o.apache.catalina.core.StandardEngine    : Starting Servlet engine: [Apache Tomcat/10.1.40]
2025-05-16T10:05:48.350+08:00  INFO 9252 --- [springboot-mvc] [main] org.apache.jasper.servlet.TldScanner     : At least one JAR was scanned for TLDs yet contained no TLDs. Enable debug logging for this logger for a complete list of JARs that were scanned but no TLDs were found in them. Skipping unneeded JARs during scanning can improve startup time and JSP compilation time.
2025-05-16T10:05:48.360+08:00  INFO 9252 --- [springboot-mvc] [main] o.a.c.c.C.[Tomcat].[localhost].[/]       : Initializing Spring embedded WebApplicationContext
2025-05-16T10:05:48.360+08:00  INFO 9252 --- [springboot-mvc] [main] w.s.c.ServletWebServerApplicationContext : Root WebApplicationContext: initialization completed in 1238 ms
2025-05-16T10:05:48.410+08:00  WARN 9252 --- [springboot-mvc] [main] ConfigServletWebServerApplicationContext : Exception encountered during context initialization - cancelling refresh attempt: org.springframework.beans.factory.UnsatisfiedDependencyException: Error creating bean with name 'bookController': Unsatisfied dependency expressed through field 'service': Error creating bean with name 'bookServiceImpl': Unsatisfied dependency expressed through field 'bookRepository': No qualifying bean of type 'com.example.demo.repository.BookRepository' available: expected single matching bean but found 2: bookRepositoryImpl,bookRepositoryJdbcImpl
2025-05-16T10:05:48.414+08:00  INFO 9252 --- [springboot-mvc] [main] o.apache.catalina.core.StandardService   : Stopping service [Tomcat]
2025-05-16T10:05:48.429+08:00  INFO 9252 --- [springboot-mvc] [main] .s.b.a.l.ConditionEvaluationReportLogger : 

Error starting ApplicationContext. To display the condition evaluation report re-run your application with 'debug' enabled.
2025-05-16T10:05:48.446+08:00 ERROR 9252 --- [springboot-mvc] [main] o.s.b.d.LoggingFailureAnalysisReporter   : 

***************************
APPLICATION FAILED TO START
***************************

Description:

Field bookRepository in com.example.demo.service.BookServiceImpl required a single bean, but 2 were found:
	- bookRepositoryImpl: defined in file [C:\Users\Zenboo 13\Downloads\Java\eclipse-workspace\springbooy-mvc\target\classes\com\example\demo\repository\BookRepositoryImpl.class]
	- bookRepositoryJdbcImpl: defined in file [C:\Users\Zenboo 13\Downloads\Java\eclipse-workspace\springbooy-mvc\target\classes\com\example\demo\repository\BookRepositoryJdbcImpl.class]

This may be due to missing parameter name information

Action:

Consider marking one of the beans as @Primary, updating the consumer to accept multiple beans, or using @Qualifier to identify the bean that should be consumed

Ensure that your compiler is configured to use the '-parameters' flag.
You may need to update both your build tool settings as well as your IDE.
(See https://github.com/spring-projects/spring-framework/wiki/Upgrading-to-Spring-Framework-6.x#parameter-name-retention)


2025-05-16T10:10:09.246+08:00  INFO 7356 --- [springboot-mvc] [main] c.example.demo.SpringbooyMvcApplication  : Starting SpringbooyMvcApplication using Java 21.0.6 with PID 7356 (C:\Users\Zenboo 13\Downloads\Java\eclipse-workspace\springbooy-mvc\target\classes started by Zenboo 13 in C:\Users\Zenboo 13\Downloads\Java\eclipse-workspace\springbooy-mvc)
2025-05-16T10:10:09.249+08:00  INFO 7356 --- [springboot-mvc] [main] c.example.demo.SpringbooyMvcApplication  : No active profile set, falling back to 1 default profile: "default"
2025-05-16T10:10:09.844+08:00  INFO 7356 --- [springboot-mvc] [main] .s.d.r.c.RepositoryConfigurationDelegate : Bootstrapping Spring Data JDBC repositories in DEFAULT mode.
2025-05-16T10:10:09.863+08:00  INFO 7356 --- [springboot-mvc] [main] .s.d.r.c.RepositoryConfigurationDelegate : Finished Spring Data repository scanning in 14 ms. Found 0 JDBC repository interfaces.
2025-05-16T10:10:10.212+08:00  INFO 7356 --- [springboot-mvc] [main] o.s.b.w.embedded.tomcat.TomcatWebServer  : Tomcat initialized with port 8080 (http)
2025-05-16T10:10:10.226+08:00  INFO 7356 --- [springboot-mvc] [main] o.apache.catalina.core.StandardService   : Starting service [Tomcat]
2025-05-16T10:10:10.226+08:00  INFO 7356 --- [springboot-mvc] [main] o.apache.catalina.core.StandardEngine    : Starting Servlet engine: [Apache Tomcat/10.1.40]
2025-05-16T10:10:10.401+08:00  INFO 7356 --- [springboot-mvc] [main] org.apache.jasper.servlet.TldScanner     : At least one JAR was scanned for TLDs yet contained no TLDs. Enable debug logging for this logger for a complete list of JARs that were scanned but no TLDs were found in them. Skipping unneeded JARs during scanning can improve startup time and JSP compilation time.
2025-05-16T10:10:10.408+08:00  INFO 7356 --- [springboot-mvc] [main] o.a.c.c.C.[Tomcat].[localhost].[/]       : Initializing Spring embedded WebApplicationContext
2025-05-16T10:10:10.408+08:00  INFO 7356 --- [springboot-mvc] [main] w.s.c.ServletWebServerApplicationContext : Root WebApplicationContext: initialization completed in 1110 ms
2025-05-16T10:10:10.645+08:00  INFO 7356 --- [springboot-mvc] [main] o.s.b.a.w.s.WelcomePageHandlerMapping    : Adding welcome page: class path resource [static/index.html]
2025-05-16T10:10:10.930+08:00  INFO 7356 --- [springboot-mvc] [main] com.zaxxer.hikari.HikariDataSource       : HikariPool-1 - Starting...
2025-05-16T10:10:11.092+08:00  INFO 7356 --- [springboot-mvc] [main] com.zaxxer.hikari.pool.HikariPool        : HikariPool-1 - Added connection com.mysql.cj.jdbc.ConnectionImpl@65600fb3
2025-05-16T10:10:11.094+08:00  INFO 7356 --- [springboot-mvc] [main] com.zaxxer.hikari.HikariDataSource       : HikariPool-1 - Start completed.
2025-05-16T10:10:11.273+08:00  INFO 7356 --- [springboot-mvc] [main] o.s.b.w.embedded.tomcat.TomcatWebServer  : Tomcat started on port 8080 (http) with context path '/'
2025-05-16T10:10:11.281+08:00  INFO 7356 --- [springboot-mvc] [main] c.example.demo.SpringbooyMvcApplication  : Started SpringbooyMvcApplication in 2.494 seconds (process running for 3.256)
2025-05-16T10:10:17.497+08:00  INFO 7356 --- [springboot-mvc] [http-nio-8080-exec-1] o.a.c.c.C.[Tomcat].[localhost].[/]       : Initializing Spring DispatcherServlet 'dispatcherServlet'
2025-05-16T10:10:17.498+08:00  INFO 7356 --- [springboot-mvc] [http-nio-8080-exec-1] o.s.web.servlet.DispatcherServlet        : Initializing Servlet 'dispatcherServlet'
2025-05-16T10:10:17.501+08:00  INFO 7356 --- [springboot-mvc] [http-nio-8080-exec-1] o.s.web.servlet.DispatcherServlet        : Completed initialization in 2 ms
2025-05-16T10:10:49.780+08:00  INFO 7356 --- [springboot-mvc] [RMI TCP Connection(9)-127.0.0.1] inMXBeanRegistrar$SpringApplicationAdmin : Application shutdown requested.
2025-05-16T10:10:49.783+08:00  INFO 7356 --- [springboot-mvc] [RMI TCP Connection(9)-127.0.0.1] o.s.b.w.e.tomcat.GracefulShutdown        : Commencing graceful shutdown. Waiting for active requests to complete
2025-05-16T10:10:49.791+08:00  INFO 7356 --- [springboot-mvc] [tomcat-shutdown] o.s.b.w.e.tomcat.GracefulShutdown        : Graceful shutdown complete
2025-05-16T10:10:49.796+08:00  INFO 7356 --- [springboot-mvc] [RMI TCP Connection(9)-127.0.0.1] com.zaxxer.hikari.HikariDataSource       : HikariPool-1 - Shutdown initiated...
2025-05-16T10:10:49.806+08:00  INFO 7356 --- [springboot-mvc] [RMI TCP Connection(9)-127.0.0.1] com.zaxxer.hikari.HikariDataSource       : HikariPool-1 - Shutdown completed.
2025-05-16T10:10:52.348+08:00  INFO 21928 --- [springboot-mvc] [main] c.example.demo.SpringbooyMvcApplication  : Starting SpringbooyMvcApplication using Java 21.0.6 with PID 21928 (C:\Users\Zenboo 13\Downloads\Java\eclipse-workspace\springbooy-mvc\target\classes started by Zenboo 13 in C:\Users\Zenboo 13\Downloads\Java\eclipse-workspace\springbooy-mvc)
2025-05-16T10:10:52.351+08:00  INFO 21928 --- [springboot-mvc] [main] c.example.demo.SpringbooyMvcApplication  : No active profile set, falling back to 1 default profile: "default"
2025-05-16T10:10:53.000+08:00  INFO 21928 --- [springboot-mvc] [main] .s.d.r.c.RepositoryConfigurationDelegate : Bootstrapping Spring Data JDBC repositories in DEFAULT mode.
2025-05-16T10:10:53.021+08:00  INFO 21928 --- [springboot-mvc] [main] .s.d.r.c.RepositoryConfigurationDelegate : Finished Spring Data repository scanning in 16 ms. Found 0 JDBC repository interfaces.
2025-05-16T10:10:53.407+08:00  INFO 21928 --- [springboot-mvc] [main] o.s.b.w.embedded.tomcat.TomcatWebServer  : Tomcat initialized with port 8080 (http)
2025-05-16T10:10:53.420+08:00  INFO 21928 --- [springboot-mvc] [main] o.apache.catalina.core.StandardService   : Starting service [Tomcat]
2025-05-16T10:10:53.421+08:00  INFO 21928 --- [springboot-mvc] [main] o.apache.catalina.core.StandardEngine    : Starting Servlet engine: [Apache Tomcat/10.1.40]
2025-05-16T10:10:53.600+08:00  INFO 21928 --- [springboot-mvc] [main] org.apache.jasper.servlet.TldScanner     : At least one JAR was scanned for TLDs yet contained no TLDs. Enable debug logging for this logger for a complete list of JARs that were scanned but no TLDs were found in them. Skipping unneeded JARs during scanning can improve startup time and JSP compilation time.
2025-05-16T10:10:53.607+08:00  INFO 21928 --- [springboot-mvc] [main] o.a.c.c.C.[Tomcat].[localhost].[/]       : Initializing Spring embedded WebApplicationContext
2025-05-16T10:10:53.607+08:00  INFO 21928 --- [springboot-mvc] [main] w.s.c.ServletWebServerApplicationContext : Root WebApplicationContext: initialization completed in 1208 ms
2025-05-16T10:10:53.812+08:00  INFO 21928 --- [springboot-mvc] [main] o.s.b.a.w.s.WelcomePageHandlerMapping    : Adding welcome page: class path resource [static/index.html]
2025-05-16T10:10:54.027+08:00  INFO 21928 --- [springboot-mvc] [main] com.zaxxer.hikari.HikariDataSource       : HikariPool-1 - Starting...
2025-05-16T10:10:54.169+08:00  INFO 21928 --- [springboot-mvc] [main] com.zaxxer.hikari.pool.HikariPool        : HikariPool-1 - Added connection com.mysql.cj.jdbc.ConnectionImpl@39f0c343
2025-05-16T10:10:54.171+08:00  INFO 21928 --- [springboot-mvc] [main] com.zaxxer.hikari.HikariDataSource       : HikariPool-1 - Start completed.
2025-05-16T10:10:54.318+08:00  INFO 21928 --- [springboot-mvc] [main] o.s.b.w.embedded.tomcat.TomcatWebServer  : Tomcat started on port 8080 (http) with context path '/'
2025-05-16T10:10:54.328+08:00  INFO 21928 --- [springboot-mvc] [main] c.example.demo.SpringbooyMvcApplication  : Started SpringbooyMvcApplication in 2.53 seconds (process running for 3.366)
2025-05-16T10:10:56.701+08:00  INFO 21928 --- [springboot-mvc] [http-nio-8080-exec-1] o.a.c.c.C.[Tomcat].[localhost].[/]       : Initializing Spring DispatcherServlet 'dispatcherServlet'
2025-05-16T10:10:56.701+08:00  INFO 21928 --- [springboot-mvc] [http-nio-8080-exec-1] o.s.web.servlet.DispatcherServlet        : Initializing Servlet 'dispatcherServlet'
2025-05-16T10:10:56.703+08:00  INFO 21928 --- [springboot-mvc] [http-nio-8080-exec-1] o.s.web.servlet.DispatcherServlet        : Completed initialization in 2 ms
2025-05-16T10:11:26.820+08:00  INFO 21928 --- [springboot-mvc] [RMI TCP Connection(10)-127.0.0.1] inMXBeanRegistrar$SpringApplicationAdmin : Application shutdown requested.
2025-05-16T10:11:26.825+08:00  INFO 21928 --- [springboot-mvc] [RMI TCP Connection(10)-127.0.0.1] o.s.b.w.e.tomcat.GracefulShutdown        : Commencing graceful shutdown. Waiting for active requests to complete
2025-05-16T10:11:26.832+08:00  INFO 21928 --- [springboot-mvc] [tomcat-shutdown] o.s.b.w.e.tomcat.GracefulShutdown        : Graceful shutdown complete
2025-05-16T10:11:26.837+08:00  INFO 21928 --- [springboot-mvc] [RMI TCP Connection(10)-127.0.0.1] com.zaxxer.hikari.HikariDataSource       : HikariPool-1 - Shutdown initiated...
2025-05-16T10:11:26.847+08:00  INFO 21928 --- [springboot-mvc] [RMI TCP Connection(10)-127.0.0.1] com.zaxxer.hikari.HikariDataSource       : HikariPool-1 - Shutdown completed.
2025-05-16T10:11:29.339+08:00  INFO 23912 --- [springboot-mvc] [main] c.example.demo.SpringbooyMvcApplication  : Starting SpringbooyMvcApplication using Java 21.0.6 with PID 23912 (C:\Users\Zenboo 13\Downloads\Java\eclipse-workspace\springbooy-mvc\target\classes started by Zenboo 13 in C:\Users\Zenboo 13\Downloads\Java\eclipse-workspace\springbooy-mvc)
2025-05-16T10:11:29.343+08:00  INFO 23912 --- [springboot-mvc] [main] c.example.demo.SpringbooyMvcApplication  : No active profile set, falling back to 1 default profile: "default"
2025-05-16T10:11:29.983+08:00  INFO 23912 --- [springboot-mvc] [main] .s.d.r.c.RepositoryConfigurationDelegate : Bootstrapping Spring Data JDBC repositories in DEFAULT mode.
2025-05-16T10:11:30.013+08:00  INFO 23912 --- [springboot-mvc] [main] .s.d.r.c.RepositoryConfigurationDelegate : Finished Spring Data repository scanning in 24 ms. Found 0 JDBC repository interfaces.
2025-05-16T10:11:30.378+08:00  INFO 23912 --- [springboot-mvc] [main] o.s.b.w.embedded.tomcat.TomcatWebServer  : Tomcat initialized with port 8080 (http)
2025-05-16T10:11:30.397+08:00  INFO 23912 --- [springboot-mvc] [main] o.apache.catalina.core.StandardService   : Starting service [Tomcat]
2025-05-16T10:11:30.397+08:00  INFO 23912 --- [springboot-mvc] [main] o.apache.catalina.core.StandardEngine    : Starting Servlet engine: [Apache Tomcat/10.1.40]
2025-05-16T10:11:30.590+08:00  INFO 23912 --- [springboot-mvc] [main] org.apache.jasper.servlet.TldScanner     : At least one JAR was scanned for TLDs yet contained no TLDs. Enable debug logging for this logger for a complete list of JARs that were scanned but no TLDs were found in them. Skipping unneeded JARs during scanning can improve startup time and JSP compilation time.
2025-05-16T10:11:30.598+08:00  INFO 23912 --- [springboot-mvc] [main] o.a.c.c.C.[Tomcat].[localhost].[/]       : Initializing Spring embedded WebApplicationContext
2025-05-16T10:11:30.598+08:00  INFO 23912 --- [springboot-mvc] [main] w.s.c.ServletWebServerApplicationContext : Root WebApplicationContext: initialization completed in 1204 ms
2025-05-16T10:11:30.824+08:00  INFO 23912 --- [springboot-mvc] [main] o.s.b.a.w.s.WelcomePageHandlerMapping    : Adding welcome page: class path resource [static/index.html]
2025-05-16T10:11:31.042+08:00  INFO 23912 --- [springboot-mvc] [main] com.zaxxer.hikari.HikariDataSource       : HikariPool-1 - Starting...
2025-05-16T10:11:31.189+08:00  INFO 23912 --- [springboot-mvc] [main] com.zaxxer.hikari.pool.HikariPool        : HikariPool-1 - Added connection com.mysql.cj.jdbc.ConnectionImpl@9690008
2025-05-16T10:11:31.190+08:00  INFO 23912 --- [springboot-mvc] [main] com.zaxxer.hikari.HikariDataSource       : HikariPool-1 - Start completed.
2025-05-16T10:11:31.324+08:00  INFO 23912 --- [springboot-mvc] [main] o.s.b.w.embedded.tomcat.TomcatWebServer  : Tomcat started on port 8080 (http) with context path '/'
2025-05-16T10:11:31.329+08:00  INFO 23912 --- [springboot-mvc] [main] c.example.demo.SpringbooyMvcApplication  : Started SpringbooyMvcApplication in 2.554 seconds (process running for 3.361)
2025-05-16T10:11:33.629+08:00  INFO 23912 --- [springboot-mvc] [http-nio-8080-exec-1] o.a.c.c.C.[Tomcat].[localhost].[/]       : Initializing Spring DispatcherServlet 'dispatcherServlet'
2025-05-16T10:11:33.630+08:00  INFO 23912 --- [springboot-mvc] [http-nio-8080-exec-1] o.s.web.servlet.DispatcherServlet        : Initializing Servlet 'dispatcherServlet'
2025-05-16T10:11:33.631+08:00  INFO 23912 --- [springboot-mvc] [http-nio-8080-exec-1] o.s.web.servlet.DispatcherServlet        : Completed initialization in 1 ms
